<?xml version="1.0" encoding="UTF-8"?>
<!-- Generated by org.testng.reporters.JUnitXMLReporter -->
<testsuite ignored="0" hostname="DESKTOP-OU8JFJA" failures="0" tests="4" name="Login UnSuccessfully" time="67.423" errors="0" timestamp="29 Mar 2020 18:17:34 GMT">
  <testcase classname="com.newtours.testcases.NT001_LoginUnSuccessfully_BothBlank" name="NT001_001_LoginUnSuccessfully" time="3.156"/>
  <testcase classname="com.newtours.testcases.NT001_LoginUnSuccessfully_WrongBoth" name="NT001_001_LoginUnSuccessfully" time="3.405"/>
  <testcase classname="com.newtours.testcases.NT001_LoginUnSuccessfully_WrongPassword" name="NT001_LoginUnSuccessfully_WrongPassword" time="3.229"/>
  <testcase classname="com.newtours.testcases.NT001_LoginUnSuccessfully_WrongUsername" name="NT001_001_LoginUnSuccessfully" time="3.207"/>
</testsuite> <!-- Login UnSuccessfully -->
