<?xml version="1.0" encoding="UTF-8"?>
<!-- Generated by org.testng.reporters.JUnitXMLReporter -->
<testsuite ignored="0" hostname="DESKTOP-OU8JFJA" failures="1" tests="2" name="Login" time="39.091" errors="0" timestamp="29 Mar 2020 18:03:40 GMT">
  <testcase classname="com.newtours.testcases.NT001_LoginSuccessfully" name="NT001_001_LoginSuccessfully" time="4.009">
    <failure type="java.lang.AssertionError" message="expected [Find a Flight: Mercury Tours: ] but found [Find a Flight: Mercury Tours:]">
      <![CDATA[java.lang.AssertionError: expected [Find a Flight: Mercury Tours: ] but found [Find a Flight: Mercury Tours:]
at com.newtours.base.Page.verifyResults(Page.java:57)
at com.newtours.testcases.NT001_LoginSuccessfully.NT001_001_LoginSuccessfully(NT001_LoginSuccessfully.java:24)
... Removed 31 stack frames]]>
    </failure>
  </testcase> <!-- NT001_001_LoginSuccessfully -->
  <testcase classname="com.newtours.testcases.NT001_LoginUnSuccessfully" name="NT001_001_LoginUnSuccessfully" time="3.413"/>
</testsuite> <!-- Login -->
