<?xml version="1.0" encoding="UTF-8"?>
<!-- Generated by org.testng.reporters.JUnitXMLReporter -->
<testsuite ignored="0" hostname="DESKTOP-OU8JFJA" failures="5" tests="9" name="Flight_Search_Test" time="255.534" errors="0" timestamp="17 Mar 2020 06:36:03 GMT">
  <testcase classname="com.w2a.testcases.flights_search.FS001_001_Flights_Search_Only" name="FS001_001_searchFlightsValid" time="11.231"/>
  <testcase classname="com.w2a.testcases.flights_search.FS001_002_Flights_Search_Only" name="FS001_001_searchFlightsValid" time="0.006">
    <failure type="org.testng.internal.reflect.MethodMatcherException" message="
Data provider mismatch
Method: FS001_001_searchFlightsValid([Parameter{index=0, type=java.lang.String, declaredAnnotations=[]}, Parameter{index=1, type=java.lang.String, declaredAnnotations=[]}, Parameter{index=2, type=java.lang.String, declaredAnnotations=[]}, Parameter{index=3, type=java.lang.String, declaredAnnotations=[]}, Parameter{index=4, type=int, declaredAnnotations=[]}, Parameter{index=5, type=int, declaredAnnotations=[]}, Parameter{index=6, type=java.lang.String, declaredAnnotations=[]}, Parameter{index=7, type=java.lang.String, declaredAnnotations=[]}, Parameter{index=8, type=java.lang.String, declaredAnnotations=[]}, Parameter{index=9, type=java.lang.String, declaredAnnotations=[]}, Parameter{index=10, type=java.lang.String, declaredAnnotations=[]}, Parameter{index=11, type=java.lang.String, declaredAnnotations=[]}, Parameter{index=12, type=int, declaredAnnotations=[]}, Parameter{index=13, type=java.lang.String, declaredAnnotations=[]}, Parameter{index=14, type=java.lang.String, declaredAnnotations=[]}, Parameter{index=15, type=java.lang.String, declaredAnnotations=[]}, Parameter{index=16, type=java.lang.String, declaredAnnotations=[]}, Parameter{index=17, type=java.lang.String, declaredAnnotations=[]}, Parameter{index=18, type=java.lang.String, declaredAnnotations=[]}])
Arguments: [(java.lang.String) SGN,(java.lang.String) DAD,(java.lang.String) 27/03/2020,(java.lang.String) 27/04/2020,(java.lang.Integer) 1,(java.lang.String) 0,(java.lang.String) 0,(java.lang.String) 0,(java.lang.String) 0,(java.lang.String) 0,(java.lang.String) 0,(java.lang.String) 0,(java.lang.Integer) 0,(java.lang.String) 0,(java.lang.String) 0,(java.lang.String) 0,(java.lang.String) 0,(java.lang.String) 0,(java.lang.String) 0]">
      <![CDATA[org.testng.internal.reflect.MethodMatcherException: 
Data provider mismatch
Method: FS001_001_searchFlightsValid([Parameter{index=0, type=java.lang.String, declaredAnnotations=[]}, Parameter{index=1, type=java.lang.String, declaredAnnotations=[]}, Parameter{index=2, type=java.lang.String, declaredAnnotations=[]}, Parameter{index=3, type=java.lang.String, declaredAnnotations=[]}, Parameter{index=4, type=int, declaredAnnotations=[]}, Parameter{index=5, type=int, declaredAnnotations=[]}, Parameter{index=6, type=java.lang.String, declaredAnnotations=[]}, Parameter{index=7, type=java.lang.String, declaredAnnotations=[]}, Parameter{index=8, type=java.lang.String, declaredAnnotations=[]}, Parameter{index=9, type=java.lang.String, declaredAnnotations=[]}, Parameter{index=10, type=java.lang.String, declaredAnnotations=[]}, Parameter{index=11, type=java.lang.String, declaredAnnotations=[]}, Parameter{index=12, type=int, declaredAnnotations=[]}, Parameter{index=13, type=java.lang.String, declaredAnnotations=[]}, Parameter{index=14, type=java.lang.String, declaredAnnotations=[]}, Parameter{index=15, type=java.lang.String, declaredAnnotations=[]}, Parameter{index=16, type=java.lang.String, declaredAnnotations=[]}, Parameter{index=17, type=java.lang.String, declaredAnnotations=[]}, Parameter{index=18, type=java.lang.String, declaredAnnotations=[]}])
Arguments: [(java.lang.String) SGN,(java.lang.String) DAD,(java.lang.String) 27/03/2020,(java.lang.String) 27/04/2020,(java.lang.Integer) 1,(java.lang.String) 0,(java.lang.String) 0,(java.lang.String) 0,(java.lang.String) 0,(java.lang.String) 0,(java.lang.String) 0,(java.lang.String) 0,(java.lang.Integer) 0,(java.lang.String) 0,(java.lang.String) 0,(java.lang.String) 0,(java.lang.String) 0,(java.lang.String) 0,(java.lang.String) 0]
... Removed 20 stack frames]]>
    </failure>
  </testcase> <!-- FS001_001_searchFlightsValid -->
  <testcase classname="com.w2a.testcases.flights_search.FS001_003_Flights_Search_Only" name="FS001_001_searchFlightsValid" time="0.004">
    <failure type="org.testng.internal.reflect.MethodMatcherException" message="
Data provider mismatch
Method: FS001_001_searchFlightsValid([Parameter{index=0, type=java.lang.String, declaredAnnotations=[]}, Parameter{index=1, type=java.lang.String, declaredAnnotations=[]}, Parameter{index=2, type=java.lang.String, declaredAnnotations=[]}, Parameter{index=3, type=java.lang.String, declaredAnnotations=[]}, Parameter{index=4, type=int, declaredAnnotations=[]}, Parameter{index=5, type=int, declaredAnnotations=[]}, Parameter{index=6, type=java.lang.String, declaredAnnotations=[]}, Parameter{index=7, type=java.lang.String, declaredAnnotations=[]}, Parameter{index=8, type=java.lang.String, declaredAnnotations=[]}, Parameter{index=9, type=java.lang.String, declaredAnnotations=[]}, Parameter{index=10, type=java.lang.String, declaredAnnotations=[]}, Parameter{index=11, type=java.lang.String, declaredAnnotations=[]}, Parameter{index=12, type=int, declaredAnnotations=[]}, Parameter{index=13, type=java.lang.String, declaredAnnotations=[]}, Parameter{index=14, type=java.lang.String, declaredAnnotations=[]}, Parameter{index=15, type=java.lang.String, declaredAnnotations=[]}, Parameter{index=16, type=java.lang.String, declaredAnnotations=[]}, Parameter{index=17, type=java.lang.String, declaredAnnotations=[]}, Parameter{index=18, type=java.lang.String, declaredAnnotations=[]}])
Arguments: [(java.lang.String) SGN,(java.lang.String) DAD,(java.lang.String) 27/03/2020,(java.lang.String) 27/04/2020,(java.lang.Integer) 6,(java.lang.String) 0,(java.lang.String) 0,(java.lang.String) 0,(java.lang.String) 0,(java.lang.String) 0,(java.lang.String) 0,(java.lang.String) 0,(java.lang.Integer) 0,(java.lang.String) 0,(java.lang.String) 0,(java.lang.String) 0,(java.lang.String) 0,(java.lang.String) 0,(java.lang.String) 0]">
      <![CDATA[org.testng.internal.reflect.MethodMatcherException: 
Data provider mismatch
Method: FS001_001_searchFlightsValid([Parameter{index=0, type=java.lang.String, declaredAnnotations=[]}, Parameter{index=1, type=java.lang.String, declaredAnnotations=[]}, Parameter{index=2, type=java.lang.String, declaredAnnotations=[]}, Parameter{index=3, type=java.lang.String, declaredAnnotations=[]}, Parameter{index=4, type=int, declaredAnnotations=[]}, Parameter{index=5, type=int, declaredAnnotations=[]}, Parameter{index=6, type=java.lang.String, declaredAnnotations=[]}, Parameter{index=7, type=java.lang.String, declaredAnnotations=[]}, Parameter{index=8, type=java.lang.String, declaredAnnotations=[]}, Parameter{index=9, type=java.lang.String, declaredAnnotations=[]}, Parameter{index=10, type=java.lang.String, declaredAnnotations=[]}, Parameter{index=11, type=java.lang.String, declaredAnnotations=[]}, Parameter{index=12, type=int, declaredAnnotations=[]}, Parameter{index=13, type=java.lang.String, declaredAnnotations=[]}, Parameter{index=14, type=java.lang.String, declaredAnnotations=[]}, Parameter{index=15, type=java.lang.String, declaredAnnotations=[]}, Parameter{index=16, type=java.lang.String, declaredAnnotations=[]}, Parameter{index=17, type=java.lang.String, declaredAnnotations=[]}, Parameter{index=18, type=java.lang.String, declaredAnnotations=[]}])
Arguments: [(java.lang.String) SGN,(java.lang.String) DAD,(java.lang.String) 27/03/2020,(java.lang.String) 27/04/2020,(java.lang.Integer) 6,(java.lang.String) 0,(java.lang.String) 0,(java.lang.String) 0,(java.lang.String) 0,(java.lang.String) 0,(java.lang.String) 0,(java.lang.String) 0,(java.lang.Integer) 0,(java.lang.String) 0,(java.lang.String) 0,(java.lang.String) 0,(java.lang.String) 0,(java.lang.String) 0,(java.lang.String) 0]
... Removed 20 stack frames]]>
    </failure>
  </testcase> <!-- FS001_001_searchFlightsValid -->
  <testcase classname="com.w2a.testcases.flights_search.FS001_004_Flights_Search_Only" name="FS001_001_searchFlightsValid" time="0.001">
    <failure type="org.testng.internal.reflect.MethodMatcherException" message="
Data provider mismatch
Method: FS001_001_searchFlightsValid([Parameter{index=0, type=java.lang.String, declaredAnnotations=[]}, Parameter{index=1, type=java.lang.String, declaredAnnotations=[]}, Parameter{index=2, type=java.lang.String, declaredAnnotations=[]}, Parameter{index=3, type=java.lang.String, declaredAnnotations=[]}, Parameter{index=4, type=int, declaredAnnotations=[]}, Parameter{index=5, type=int, declaredAnnotations=[]}, Parameter{index=6, type=java.lang.String, declaredAnnotations=[]}, Parameter{index=7, type=java.lang.String, declaredAnnotations=[]}, Parameter{index=8, type=java.lang.String, declaredAnnotations=[]}, Parameter{index=9, type=java.lang.String, declaredAnnotations=[]}, Parameter{index=10, type=java.lang.String, declaredAnnotations=[]}, Parameter{index=11, type=java.lang.String, declaredAnnotations=[]}, Parameter{index=12, type=int, declaredAnnotations=[]}, Parameter{index=13, type=java.lang.String, declaredAnnotations=[]}, Parameter{index=14, type=java.lang.String, declaredAnnotations=[]}, Parameter{index=15, type=java.lang.String, declaredAnnotations=[]}, Parameter{index=16, type=java.lang.String, declaredAnnotations=[]}, Parameter{index=17, type=java.lang.String, declaredAnnotations=[]}, Parameter{index=18, type=java.lang.String, declaredAnnotations=[]}])
Arguments: [(java.lang.String) SGN,(java.lang.String) DAD,(java.lang.String) 27/03/2020,(java.lang.String) 27/04/2020,(java.lang.Integer) 7,(java.lang.String) 0,(java.lang.String) 0,(java.lang.String) 0,(java.lang.String) 0,(java.lang.String) 0,(java.lang.String) 0,(java.lang.String) 0,(java.lang.Integer) 0,(java.lang.String) 0,(java.lang.String) 0,(java.lang.String) 0,(java.lang.String) 0,(java.lang.String) 0,(java.lang.String) 0]">
      <![CDATA[org.testng.internal.reflect.MethodMatcherException: 
Data provider mismatch
Method: FS001_001_searchFlightsValid([Parameter{index=0, type=java.lang.String, declaredAnnotations=[]}, Parameter{index=1, type=java.lang.String, declaredAnnotations=[]}, Parameter{index=2, type=java.lang.String, declaredAnnotations=[]}, Parameter{index=3, type=java.lang.String, declaredAnnotations=[]}, Parameter{index=4, type=int, declaredAnnotations=[]}, Parameter{index=5, type=int, declaredAnnotations=[]}, Parameter{index=6, type=java.lang.String, declaredAnnotations=[]}, Parameter{index=7, type=java.lang.String, declaredAnnotations=[]}, Parameter{index=8, type=java.lang.String, declaredAnnotations=[]}, Parameter{index=9, type=java.lang.String, declaredAnnotations=[]}, Parameter{index=10, type=java.lang.String, declaredAnnotations=[]}, Parameter{index=11, type=java.lang.String, declaredAnnotations=[]}, Parameter{index=12, type=int, declaredAnnotations=[]}, Parameter{index=13, type=java.lang.String, declaredAnnotations=[]}, Parameter{index=14, type=java.lang.String, declaredAnnotations=[]}, Parameter{index=15, type=java.lang.String, declaredAnnotations=[]}, Parameter{index=16, type=java.lang.String, declaredAnnotations=[]}, Parameter{index=17, type=java.lang.String, declaredAnnotations=[]}, Parameter{index=18, type=java.lang.String, declaredAnnotations=[]}])
Arguments: [(java.lang.String) SGN,(java.lang.String) DAD,(java.lang.String) 27/03/2020,(java.lang.String) 27/04/2020,(java.lang.Integer) 7,(java.lang.String) 0,(java.lang.String) 0,(java.lang.String) 0,(java.lang.String) 0,(java.lang.String) 0,(java.lang.String) 0,(java.lang.String) 0,(java.lang.Integer) 0,(java.lang.String) 0,(java.lang.String) 0,(java.lang.String) 0,(java.lang.String) 0,(java.lang.String) 0,(java.lang.String) 0]
... Removed 20 stack frames]]>
    </failure>
  </testcase> <!-- FS001_001_searchFlightsValid -->
  <testcase classname="com.w2a.testcases.flights_search.FS001_005_Flights_Search_Only" name="FS001_001_searchFlightsValid" time="10.587"/>
  <testcase classname="com.w2a.testcases.flights_search.FS001_006_Flights_Search_Only" name="FS001_001_searchFlightsValid" time="6.79"/>
  <testcase classname="com.w2a.testcases.flights_search.FS001_007_Flights_Search_Only" name="FS001_001_searchFlightsValid" time="35.796">
    <failure type="org.openqa.selenium.NoSuchElementException" message="no such element: Unable to locate element: {&amp;quot;method&amp;quot;:&amp;quot;xpath&amp;quot;,&amp;quot;selector&amp;quot;:&amp;quot;//div[@id=&amp;apos;advanced-options-container&amp;apos;]//p/span[@class=&amp;apos;secondary-playback-summary&amp;apos;]&amp;quot;}
  (Session info: chrome=80.0.3987.132)
For documentation on this error, please visit: http://seleniumhq.org/exceptions/no_such_element.html
Build info: version: &amp;apos;3.13.0&amp;apos;, revision: &amp;apos;2f0d292&amp;apos;, time: &amp;apos;2018-06-25T15:24:21.231Z&amp;apos;
System info: host: &amp;apos;DESKTOP-OU8JFJA&amp;apos;, ip: &amp;apos;192.168.1.6&amp;apos;, os.name: &amp;apos;Windows 10&amp;apos;, os.arch: &amp;apos;amd64&amp;apos;, os.version: &amp;apos;10.0&amp;apos;, java.version: &amp;apos;9.0.4&amp;apos;
Driver info: org.openqa.selenium.chrome.ChromeDriver
Capabilities {acceptInsecureCerts: false, browserName: chrome, browserVersion: 80.0.3987.132, chrome: {chromedriverVersion: 80.0.3987.16 (320f6526c1632..., userDataDir: C:\Users\User\AppData\Local...}, goog:chromeOptions: {debuggerAddress: localhost:62186}, javascriptEnabled: true, networkConnectionEnabled: false, pageLoadStrategy: normal, platform: WINDOWS, platformName: WINDOWS, proxy: Proxy(), setWindowRect: true, strictFileInteractability: false, timeouts: {implicit: 0, pageLoad: 300000, script: 30000}, unhandledPromptBehavior: dismiss and notify}
Session ID: 93363b0f8d297e8886a404b5c8a6dc1b
*** Element info: {Using=xpath, value=//div[@id=&amp;apos;advanced-options-container&amp;apos;]//p/span[@class=&amp;apos;secondary-playback-summary&amp;apos;]}">
      <![CDATA[org.openqa.selenium.NoSuchElementException: no such element: Unable to locate element: {"method":"xpath","selector":"//div[@id='advanced-options-container']//p/span[@class='secondary-playback-summary']"}
  (Session info: chrome=80.0.3987.132)
For documentation on this error, please visit: http://seleniumhq.org/exceptions/no_such_element.html
Build info: version: '3.13.0', revision: '2f0d292', time: '2018-06-25T15:24:21.231Z'
System info: host: 'DESKTOP-OU8JFJA', ip: '192.168.1.6', os.name: 'Windows 10', os.arch: 'amd64', os.version: '10.0', java.version: '9.0.4'
Driver info: org.openqa.selenium.chrome.ChromeDriver
Capabilities {acceptInsecureCerts: false, browserName: chrome, browserVersion: 80.0.3987.132, chrome: {chromedriverVersion: 80.0.3987.16 (320f6526c1632..., userDataDir: C:\Users\User\AppData\Local...}, goog:chromeOptions: {debuggerAddress: localhost:62186}, javascriptEnabled: true, networkConnectionEnabled: false, pageLoadStrategy: normal, platform: WINDOWS, platformName: WINDOWS, proxy: Proxy(), setWindowRect: true, strictFileInteractability: false, timeouts: {implicit: 0, pageLoad: 300000, script: 30000}, unhandledPromptBehavior: dismiss and notify}
Session ID: 93363b0f8d297e8886a404b5c8a6dc1b
*** Element info: {Using=xpath, value=//div[@id='advanced-options-container']//p/span[@class='secondary-playback-summary']}
at org.openqa.selenium.remote.http.W3CHttpResponseCodec.createException(W3CHttpResponseCodec.java:187)
at org.openqa.selenium.remote.http.W3CHttpResponseCodec.decode(W3CHttpResponseCodec.java:122)
at org.openqa.selenium.remote.http.W3CHttpResponseCodec.decode(W3CHttpResponseCodec.java:49)
at org.openqa.selenium.remote.HttpCommandExecutor.execute(HttpCommandExecutor.java:158)
at org.openqa.selenium.remote.service.DriverCommandExecutor.execute(DriverCommandExecutor.java:83)
at org.openqa.selenium.remote.RemoteWebDriver.execute(RemoteWebDriver.java:548)
at org.openqa.selenium.remote.RemoteWebDriver.findElement(RemoteWebDriver.java:322)
at org.openqa.selenium.remote.RemoteWebDriver.findElementByXPath(RemoteWebDriver.java:424)
at org.openqa.selenium.By$ByXPath.findElement(By.java:353)
at org.openqa.selenium.remote.RemoteWebDriver.findElement(RemoteWebDriver.java:314)
at org.openqa.selenium.support.pagefactory.DefaultElementLocator.findElement(DefaultElementLocator.java:69)
at org.openqa.selenium.support.pagefactory.internal.LocatingElementHandler.invoke(LocatingElementHandler.java:38)
at com.sun.proxy.$Proxy13.getText(Unknown Source)
at com.w2a.pages.actions.FlightsSearchResultPage.getSelectionSummary(FlightsSearchResultPage.java:17)
at com.w2a.pages.actions.FlightHomePage.verifySuccessResults(FlightHomePage.java:289)
at com.w2a.testcases.flights_search.FS001_007_Flights_Search_Only.FS001_001_searchFlightsValid(FS001_007_Flights_Search_Only.java:21)
... Removed 29 stack frames]]>
    </failure>
  </testcase> <!-- FS001_001_searchFlightsValid -->
  <testcase classname="com.w2a.testcases.flights_search.FS001_008_Flights_Search_Only" name="FS001_001_searchFlightsValid" time="37.554">
    <failure type="org.openqa.selenium.NoSuchElementException" message="no such element: Unable to locate element: {&amp;quot;method&amp;quot;:&amp;quot;xpath&amp;quot;,&amp;quot;selector&amp;quot;:&amp;quot;//div[@id=&amp;apos;advanced-options-container&amp;apos;]//p/span[@class=&amp;apos;secondary-playback-summary&amp;apos;]&amp;quot;}
  (Session info: chrome=80.0.3987.132)
For documentation on this error, please visit: http://seleniumhq.org/exceptions/no_such_element.html
Build info: version: &amp;apos;3.13.0&amp;apos;, revision: &amp;apos;2f0d292&amp;apos;, time: &amp;apos;2018-06-25T15:24:21.231Z&amp;apos;
System info: host: &amp;apos;DESKTOP-OU8JFJA&amp;apos;, ip: &amp;apos;192.168.1.6&amp;apos;, os.name: &amp;apos;Windows 10&amp;apos;, os.arch: &amp;apos;amd64&amp;apos;, os.version: &amp;apos;10.0&amp;apos;, java.version: &amp;apos;9.0.4&amp;apos;
Driver info: org.openqa.selenium.chrome.ChromeDriver
Capabilities {acceptInsecureCerts: false, browserName: chrome, browserVersion: 80.0.3987.132, chrome: {chromedriverVersion: 80.0.3987.16 (320f6526c1632..., userDataDir: C:\Users\User\AppData\Local...}, goog:chromeOptions: {debuggerAddress: localhost:62383}, javascriptEnabled: true, networkConnectionEnabled: false, pageLoadStrategy: normal, platform: WINDOWS, platformName: WINDOWS, proxy: Proxy(), setWindowRect: true, strictFileInteractability: false, timeouts: {implicit: 0, pageLoad: 300000, script: 30000}, unhandledPromptBehavior: dismiss and notify}
Session ID: 5319efb2b7336938a1507e7cc4578abe
*** Element info: {Using=xpath, value=//div[@id=&amp;apos;advanced-options-container&amp;apos;]//p/span[@class=&amp;apos;secondary-playback-summary&amp;apos;]}">
      <![CDATA[org.openqa.selenium.NoSuchElementException: no such element: Unable to locate element: {"method":"xpath","selector":"//div[@id='advanced-options-container']//p/span[@class='secondary-playback-summary']"}
  (Session info: chrome=80.0.3987.132)
For documentation on this error, please visit: http://seleniumhq.org/exceptions/no_such_element.html
Build info: version: '3.13.0', revision: '2f0d292', time: '2018-06-25T15:24:21.231Z'
System info: host: 'DESKTOP-OU8JFJA', ip: '192.168.1.6', os.name: 'Windows 10', os.arch: 'amd64', os.version: '10.0', java.version: '9.0.4'
Driver info: org.openqa.selenium.chrome.ChromeDriver
Capabilities {acceptInsecureCerts: false, browserName: chrome, browserVersion: 80.0.3987.132, chrome: {chromedriverVersion: 80.0.3987.16 (320f6526c1632..., userDataDir: C:\Users\User\AppData\Local...}, goog:chromeOptions: {debuggerAddress: localhost:62383}, javascriptEnabled: true, networkConnectionEnabled: false, pageLoadStrategy: normal, platform: WINDOWS, platformName: WINDOWS, proxy: Proxy(), setWindowRect: true, strictFileInteractability: false, timeouts: {implicit: 0, pageLoad: 300000, script: 30000}, unhandledPromptBehavior: dismiss and notify}
Session ID: 5319efb2b7336938a1507e7cc4578abe
*** Element info: {Using=xpath, value=//div[@id='advanced-options-container']//p/span[@class='secondary-playback-summary']}
at org.openqa.selenium.remote.http.W3CHttpResponseCodec.createException(W3CHttpResponseCodec.java:187)
at org.openqa.selenium.remote.http.W3CHttpResponseCodec.decode(W3CHttpResponseCodec.java:122)
at org.openqa.selenium.remote.http.W3CHttpResponseCodec.decode(W3CHttpResponseCodec.java:49)
at org.openqa.selenium.remote.HttpCommandExecutor.execute(HttpCommandExecutor.java:158)
at org.openqa.selenium.remote.service.DriverCommandExecutor.execute(DriverCommandExecutor.java:83)
at org.openqa.selenium.remote.RemoteWebDriver.execute(RemoteWebDriver.java:548)
at org.openqa.selenium.remote.RemoteWebDriver.findElement(RemoteWebDriver.java:322)
at org.openqa.selenium.remote.RemoteWebDriver.findElementByXPath(RemoteWebDriver.java:424)
at org.openqa.selenium.By$ByXPath.findElement(By.java:353)
at org.openqa.selenium.remote.RemoteWebDriver.findElement(RemoteWebDriver.java:314)
at org.openqa.selenium.support.pagefactory.DefaultElementLocator.findElement(DefaultElementLocator.java:69)
at org.openqa.selenium.support.pagefactory.internal.LocatingElementHandler.invoke(LocatingElementHandler.java:38)
at com.sun.proxy.$Proxy13.getText(Unknown Source)
at com.w2a.pages.actions.FlightsSearchResultPage.getSelectionSummary(FlightsSearchResultPage.java:17)
at com.w2a.pages.actions.FlightHomePage.verifySuccessResults(FlightHomePage.java:289)
at com.w2a.testcases.flights_search.FS001_008_Flights_Search_Only.FS001_001_searchFlightsValid(FS001_008_Flights_Search_Only.java:22)
... Removed 29 stack frames]]>
    </failure>
  </testcase> <!-- FS001_001_searchFlightsValid -->
  <testcase classname="com.w2a.testcases.flights_search.FS001_009_Flights_Search_Only" name="FS001_001_searchFlightsValid" time="9.658"/>
</testsuite> <!-- Flight_Search_Test -->
