<?xml version="1.0" encoding="UTF-8"?>
<testng-results ignored="0" total="1" passed="1" failed="0" skipped="0">
  <reporter-output>
  </reporter-output>
  <suite started-at="2020-03-13T06:31:37Z" name="Default suite" finished-at="2020-03-13T06:32:24Z" duration-ms="47207">
    <groups>
    </groups>
    <test started-at="2020-03-13T06:31:37Z" name="Default test" finished-at="2020-03-13T06:32:24Z" duration-ms="47207">
      <class name="com.w2a.testcases.flights_search.FS001_001_Flights_Search_Only">
        <test-method is-config="true" signature="setUp()[pri:0, instance:com.w2a.testcases.flights_search.FS001_001_Flights_Search_Only@2f54a33d]" started-at="2020-03-13T06:31:37Z" name="setUp" finished-at="2020-03-13T06:32:09Z" duration-ms="32166" status="PASS">
          <reporter-output>
          </reporter-output>
        </test-method> <!-- setUp -->
        <test-method signature="FS001_001_searchFlightsValid(java.lang.String, java.lang.String, java.lang.String, java.lang.String, int, int, int)[pri:0, instance:com.w2a.testcases.flights_search.FS001_001_Flights_Search_Only@2f54a33d]" started-at="2020-03-13T06:32:09Z" name="FS001_001_searchFlightsValid" data-provider="FS001_001" finished-at="2020-03-13T06:32:22Z" duration-ms="12425" status="PASS">
          <params>
            <param index="0">
              <value>
                <![CDATA[SGN]]>
              </value>
            </param>
            <param index="1">
              <value>
                <![CDATA[DAD]]>
              </value>
            </param>
            <param index="2">
              <value>
                <![CDATA[27/03/2020]]>
              </value>
            </param>
            <param index="3">
              <value>
                <![CDATA[27/04/2020]]>
              </value>
            </param>
            <param index="4">
              <value>
                <![CDATA[2]]>
              </value>
            </param>
            <param index="5">
              <value>
                <![CDATA[2]]>
              </value>
            </param>
            <param index="6">
              <value>
                <![CDATA[2]]>
              </value>
            </param>
          </params>
          <reporter-output>
          </reporter-output>
        </test-method> <!-- FS001_001_searchFlightsValid -->
        <test-method is-config="true" signature="quitBrowser()[pri:0, instance:com.w2a.testcases.flights_search.FS001_001_Flights_Search_Only@2f54a33d]" started-at="2020-03-13T06:32:22Z" name="quitBrowser" finished-at="2020-03-13T06:32:24Z" duration-ms="2565" status="PASS">
          <reporter-output>
          </reporter-output>
        </test-method> <!-- quitBrowser -->
      </class> <!-- com.w2a.testcases.flights_search.FS001_001_Flights_Search_Only -->
    </test> <!-- Default test -->
  </suite> <!-- Default suite -->
</testng-results>
