<?xml version="1.0" encoding="UTF-8"?>
<testng-results ignored="0" total="1" passed="1" failed="0" skipped="0">
  <reporter-output>
  </reporter-output>
  <suite started-at="2020-03-10T05:47:44Z" name="Default suite" finished-at="2020-03-10T05:49:07Z" duration-ms="82639">
    <groups>
    </groups>
    <test started-at="2020-03-10T05:47:44Z" name="Default test" finished-at="2020-03-10T05:49:07Z" duration-ms="82639">
      <class name="com.w2a.testcases.hotels_search.HS001_008_Hotels_Search_Only">
        <test-method is-config="true" signature="setUp()[pri:0, instance:com.w2a.testcases.hotels_search.HS001_008_Hotels_Search_Only@2f54a33d]" started-at="2020-03-10T05:47:44Z" name="setUp" finished-at="2020-03-10T05:49:06Z" duration-ms="81892" status="PASS">
          <reporter-output>
          </reporter-output>
        </test-method> <!-- setUp -->
        <test-method signature="HS001_008_searchByAllCriteriaWithAddOneMoreRoom(java.lang.String, java.lang.String, java.lang.String, int, int, int)[pri:0, instance:com.w2a.testcases.hotels_search.HS001_008_Hotels_Search_Only@2f54a33d]" started-at="2020-03-10T05:49:06Z" name="HS001_008_searchByAllCriteriaWithAddOneMoreRoom" data-provider="HS001_008" finished-at="2020-03-10T05:49:07Z" duration-ms="547" status="PASS">
          <params>
            <param index="0">
              <value>
                <![CDATA[SGN]]>
              </value>
            </param>
            <param index="1">
              <value>
                <![CDATA[]]>
              </value>
            </param>
            <param index="2">
              <value>
                <![CDATA[]]>
              </value>
            </param>
            <param index="3">
              <value>
                <![CDATA[1]]>
              </value>
            </param>
            <param index="4">
              <value>
                <![CDATA[0]]>
              </value>
            </param>
            <param index="5">
              <value>
                <![CDATA[4]]>
              </value>
            </param>
          </params>
          <reporter-output>
          </reporter-output>
        </test-method> <!-- HS001_008_searchByAllCriteriaWithAddOneMoreRoom -->
        <test-method is-config="true" signature="quitBrowser()[pri:0, instance:com.w2a.testcases.hotels_search.HS001_008_Hotels_Search_Only@2f54a33d]" started-at="2020-03-10T05:49:07Z" name="quitBrowser" finished-at="2020-03-10T05:49:07Z" duration-ms="0" status="PASS">
          <reporter-output>
          </reporter-output>
        </test-method> <!-- quitBrowser -->
      </class> <!-- com.w2a.testcases.hotels_search.HS001_008_Hotels_Search_Only -->
    </test> <!-- Default test -->
  </suite> <!-- Default suite -->
</testng-results>
