<?xml version="1.0" encoding="UTF-8"?>
<!-- Generated by org.testng.reporters.JUnitXMLReporter -->
<testsuite ignored="0" hostname="DESKTOP-OU8JFJA" failures="0" tests="2" name="Flight_Hotel_Search_Test" time="101.316" errors="0" timestamp="13 Mar 2020 05:32:02 GMT">
  <testcase classname="com.w2a.testcases.flights_hotels_search.FHS001_001_Flights_Hotels_Search_Only" name="FHS001_001_searchFlightsAndHotels" time="6.446"/>
  <testcase classname="com.w2a.testcases.flights_hotels_search.FHS001_002_Flights_Hotels_Search_Only" name="FHS001_002_searchByDepartingAndDesitnationAndDepartingDateAndReturnDateAnd7TravellersDirectFlight" time="2.192"/>
</testsuite> <!-- Flight_Hotel_Search_Test -->
