<?xml version="1.0" encoding="UTF-8"?>
<!-- Generated by org.testng.reporters.JUnitXMLReporter -->
<testsuite ignored="0" hostname="DESKTOP-OU8JFJA" failures="0" tests="2" name="Flight_Hotel_Search_Test" time="63.618" errors="0" timestamp="12 Mar 2020 06:12:06 GMT">
  <testcase classname="com.w2a.testcases.flights_hotels_search.FHS001_001_Flights_Search_Only" name="FS001_006_searchByDepartingAndDesitnationAndDepartingDateAndReturnDateAnd7TravellersDirectFlight" time="5.607"/>
  <testcase classname="com.w2a.testcases.flights_hotels_search.FHS001_002_Flights_Search_Only" name="FHS001_002_searchByDepartingAndDesitnationAndDepartingDateAndReturnDateAnd7TravellersDirectFlight" time="10.471"/>
</testsuite> <!-- Flight_Hotel_Search_Test -->
