<?xml version="1.0" encoding="UTF-8"?>
<!-- Generated by org.testng.reporters.JUnitXMLReporter -->
<testsuite ignored="0" hostname="DESKTOP-OU8JFJA" failures="0" tests="8" name="Car_Hire_Search_Test" time="222.587" errors="0" timestamp="13 Mar 2020 05:30:20 GMT">
  <testcase classname="com.w2a.testcases.car_hire_search.CHS001_001_Car_Hire_Search_Only" name="CHS001_001_searchByDepartingAndDesitnationAndDepartingDateAndReturnDateAnd7Travellers" time="9.399"/>
  <testcase classname="com.w2a.testcases.car_hire_search.CHS001_002_Car_Hire_Search_Only" name="CHS001_002_searchByDepartingAndDesitnationAndDepartingDateAndReturnDateAnd7Travellers" time="23.903"/>
  <testcase classname="com.w2a.testcases.car_hire_search.CHS001_003_Car_Hire_Search_Only" name="CHS001_003_searchByDepartingAndDesitnationAndDepartingDateAndReturnDateAnd7Travellers" time="6.488"/>
  <testcase classname="com.w2a.testcases.car_hire_search.CHS001_004_Car_Hire_Search_Only" name="CHS001_004_searchByDepartingAndDesitnationAndDepartingDateAndReturnDateAnd7Travellers" time="14.963"/>
  <testcase classname="com.w2a.testcases.car_hire_search.CHS001_005_Car_Hire_Search_Only" name="CHS001_001_searchByDepartingAndDesitnationAndDepartingDateAndReturnDateAnd7Travellers" time="8.322"/>
  <testcase classname="com.w2a.testcases.car_hire_search.CHS001_006_Car_Hire_Search_Only" name="CHS001_006_searchByDepartingAndDesitnationAndDepartingDateAndReturnDateAnd7Travellers" time="4.601"/>
  <testcase classname="com.w2a.testcases.car_hire_search.CHS001_007_Car_Hire_Search_Only" name="CHS001_001_searchByDepartingAndDesitnationAndDepartingDateAndReturnDateAnd7Travellers" time="4.386"/>
  <testcase classname="com.w2a.testcases.car_hire_search.CHS001_008_Car_Hire_Search_Only" name="CHS001_001_searchByDepartingAndDesitnationAndDepartingDateAndReturnDateAnd7Travellers" time="3.492"/>
</testsuite> <!-- Car_Hire_Search_Test -->
